Build started 5/31/2016 12:38:01 AM.
     1>Project "C:\Users\Behnam\documents\visual studio 2013\Projects\331-humor-detector\331-humor-detector\331-humor-detector.vcxproj" on node 2 (Build target(s)).
     1>C:\Program Files (x86)\MSBuild\Microsoft.Cpp\v4.0\V120\Microsoft.CppBuild.targets(381,5): warning MSB8028: The intermediate directory (Debug\) contains files shared from another project (331-humor-detector.vcxproj).  This can lead to incorrect clean and rebuild behavior.
     1>ClCompile:
         C:\Program Files (x86)\Microsoft Visual Studio 12.0\VC\bin\CL.exe /c /ZI /nologo /W3 /WX- /Od /Oy- /D WIN32 /D _DEBUG /D _CONSOLE /D _LIB /D _UNICODE /D UNICODE /Gm /EHsc /RTC1 /MDd /GS /fp:precise /Zc:wchar_t /Zc:forScope /Fo"Debug\\" /Fd"Debug\vc120.pdb" /Gd /TP /analyze- /errorReport:prompt Reader.cpp main.cpp
         main.cpp
     1>c:\users\behnam\documents\visual studio 2013\projects\331-humor-detector\331-humor-detector\main.cpp(59): warning C4018: '<' : signed/unsigned mismatch
     1>c:\users\behnam\documents\visual studio 2013\projects\331-humor-detector\331-humor-detector\main.cpp(99): warning C4018: '<' : signed/unsigned mismatch
     1>c:\users\behnam\documents\visual studio 2013\projects\331-humor-detector\331-humor-detector\main.cpp(106): warning C4018: '<' : signed/unsigned mismatch
     1>c:\users\behnam\documents\visual studio 2013\projects\331-humor-detector\331-humor-detector\main.cpp(119): warning C4390: ';' : empty controlled statement found; is this the intent?
     1>c:\users\behnam\documents\visual studio 2013\projects\331-humor-detector\331-humor-detector\main.cpp(132): warning C4018: '<' : signed/unsigned mismatch
     1>c:\users\behnam\documents\visual studio 2013\projects\331-humor-detector\331-humor-detector\main.cpp(142): warning C4018: '<' : signed/unsigned mismatch
     1>c:\users\behnam\documents\visual studio 2013\projects\331-humor-detector\331-humor-detector\main.cpp(146): warning C4258: 'i' : definition from the for loop is ignored; the definition from the enclosing scope is used
                 c:\users\behnam\documents\visual studio 2013\projects\331-humor-detector\331-humor-detector\main.cpp(142) : definition of 'i' ignored
                 c:\users\behnam\documents\visual studio 2013\projects\331-humor-detector\331-humor-detector\main.cpp(140) : definition of 'i' used
     1>c:\users\behnam\documents\visual studio 2013\projects\331-humor-detector\331-humor-detector\main.cpp(153): warning C4018: '<' : signed/unsigned mismatch
     1>c:\users\behnam\documents\visual studio 2013\projects\331-humor-detector\331-humor-detector\main.cpp(160): warning C4018: '<' : signed/unsigned mismatch
     1>c:\users\behnam\documents\visual studio 2013\projects\331-humor-detector\331-humor-detector\main.cpp(172): warning C4258: 'i' : definition from the for loop is ignored; the definition from the enclosing scope is used
                 c:\users\behnam\documents\visual studio 2013\projects\331-humor-detector\331-humor-detector\main.cpp(142) : definition of 'i' ignored
                 c:\users\behnam\documents\visual studio 2013\projects\331-humor-detector\331-humor-detector\main.cpp(140) : definition of 'i' used
     1>c:\users\behnam\documents\visual studio 2013\projects\331-humor-detector\331-humor-detector\main.cpp(173): warning C4258: 'i' : definition from the for loop is ignored; the definition from the enclosing scope is used
                 c:\users\behnam\documents\visual studio 2013\projects\331-humor-detector\331-humor-detector\main.cpp(142) : definition of 'i' ignored
                 c:\users\behnam\documents\visual studio 2013\projects\331-humor-detector\331-humor-detector\main.cpp(140) : definition of 'i' used
     1>c:\users\behnam\documents\visual studio 2013\projects\331-humor-detector\331-humor-detector\main.cpp(175): warning C4018: '<' : signed/unsigned mismatch
         Reader.cpp
         Generating Code...
       Link:
         C:\Program Files (x86)\Microsoft Visual Studio 12.0\VC\bin\link.exe /ERRORREPORT:PROMPT /OUT:"C:\Users\Behnam\documents\visual studio 2013\Projects\331-humor-detector\Debug\331-humor-detector.exe" /INCREMENTAL /NOLOGO kernel32.lib user32.lib gdi32.lib winspool.lib comdlg32.lib advapi32.lib shell32.lib ole32.lib oleaut32.lib uuid.lib odbc32.lib odbccp32.lib /MANIFEST /MANIFESTUAC:"level='asInvoker' uiAccess='false'" /manifest:embed /DEBUG /PDB:"C:\Users\Behnam\documents\visual studio 2013\Projects\331-humor-detector\Debug\331-humor-detector.pdb" /SUBSYSTEM:CONSOLE /TLBID:1 /DYNAMICBASE /NXCOMPAT /IMPLIB:"C:\Users\Behnam\documents\visual studio 2013\Projects\331-humor-detector\Debug\331-humor-detector.lib" /MACHINE:X86 Debug\Bag.obj
         Debug\main.obj
         Debug\Reader.obj
         331-humor-detector.vcxproj -> C:\Users\Behnam\documents\visual studio 2013\Projects\331-humor-detector\Debug\331-humor-detector.exe
     1>Done Building Project "C:\Users\Behnam\documents\visual studio 2013\Projects\331-humor-detector\331-humor-detector\331-humor-detector.vcxproj" (Build target(s)).

Build succeeded.

Time Elapsed 00:00:01.05
